6828 decimal is 015254 octal!
Physical memory: 66556K available, base = 640K, extended = 65532K
check_page_alloc() succeeded!
check_page() succeeded!
check_n_pages() succeeded!
check_kern_pgdir() succeeded!
check_page_installed_pgdir() succeeded!
SMP: CPU 0 found 2 CPU(s)
enabled interrupts: 1 2
SMP: CPU 1 starting
[00000000] new env 00001000
[00000000] new env 00001001
[00000000] new env 00001002
[00000000] new env 00001003
[00000000] new env 00001004
[00000000] new env 00001005
[00000000] new env 00001006
[00000000] new env 00001007
[00000000] new env 00001008
[00001008] user panic in <unknown> at lib/fork.c:82: fork not implemented
Welcome to the JOS kernel monitor!
Type 'help' for a list of commands.
TRAP frame at 0xf029d400 from CPU 0
  edi  0x00000000
  esi  0x00801583
  ebp  0xeebfdfa0
  oesp 0xefbfffdc
  ebx  0xeebfdfb4
  edx  0xeebfde58
  ecx  0x00000001
  eax  0x00000001
  es   0x----0000
  ds   0x----0000
  trap 0x00000003 Breakpoint
  err  0x00000000
  eip  0x008001ae
  cs   0x----001b
  flag 0x00000082
  esp  0xeebfdf98
  ss   0x----0023
K> 