6828 decimal is 015254 octal!
Physical memory: 66556K available, base = 640K, extended = 65532K
check_page_alloc() succeeded!
check_page() succeeded!
check_n_pages() succeeded!
check_realloc_npages() succeeded!
check_kern_pgdir() succeeded!
check_page_installed_pgdir() succeeded!
[00000000] new env 00001000
Incoming TRAP frame at 0xefbfffbc
TRAP frame at 0xf01c0000
  edi  0x00000000
  esi  0x00000000
  ebp  0xeebfdfc8
  oesp 0xefbfffdc
  ebx  0x00000000
  edx  0x00000000
  ecx  0x00000000
  eax  0x00000000
  es   0x----0023
  ds   0x----0023
  trap 0x0000000e Page Fault
  cr2  0xf010000a
  err  0x00000007 [user, write, protection]
  eip  0x00800036
  cs   0x----001b
  flag 0x00000082
  esp  0xeebfdfc8
  ss   0x----0023
[00001000] free env 00001000
Destroyed the only environment - nothing more to do!
Welcome to the JOS kernel monitor!
Type 'help' for a list of commands.
K> 