+ ld obj/kern/kernel
+ mk obj/kern/kernel.img
+ cp obj/fs/clean-fs.img obj/fs/fs.img

(process:11683): GLib-WARNING **: /build/glib2.0-prJhLS/glib2.0-2.48.2/./glib/gmem.c:483: custom memory allocation vtable not supported

(process:11685): GLib-WARNING **: /build/glib2.0-prJhLS/glib2.0-2.48.2/./glib/gmem.c:483: custom memory allocation vtable not supported
6828 decimal is 015254 octal!
Physical memory: 66556K available, base = 640K, extended = 65532K
check_page_alloc() succeeded!
check_page() succeeded!
check_n_pages() succeeded!
check_kern_pgdir() succeeded!
check_page_installed_pgdir() succeeded!
SMP: CPU 0 found 1 CPU(s)
enabled interrupts: 1 2
PCI: 00:00.0: 8086:1237: class: 6.0 (Bridge device) irq: 0
PCI: 00:01.0: 8086:7000: class: 6.1 (Bridge device) irq: 0
PCI: 00:01.1: 8086:7010: class: 1.1 (Storage controller) irq: 0
PCI: 00:01.3: 8086:7113: class: 6.80 (Bridge device) irq: 9
PCI: 00:02.0: 1013:00b8: class: 3.0 (Display controller) irq: 0
PCI: 00:03.0: 8086:100e: class: 2.0 (Network controller) irq: 11
PCI function 00:03.0 (8086:100e) enabled
FS is running
FS can do I/O
Device 1 presence: 1
block cache is good
superblock is good
bitmap is good
ns: 52:54:00:12:34:56 bound to static IP 10.0.2.15
NS: TCP/IP initialized.
transmit len = 42
Waiting for http connections...
transmit len = 58
transmit len = 54
transmit len = 192
transmit len = 54
transmit len = 54
transmit len = 54
qemu: terminating on signal 15 from pid 11689
